hashtablestr16.adb:11:04: warning: types for unchecked conversion have different sizes [-gnatwz]
hashtablestr16.adb:17:04: warning: types for unchecked conversion have different sizes [-gnatwz]
hashtablestr16.adb:18:04: warning: types for unchecked conversion have different sizes [-gnatwz]
hashtablestr16.adb:22:04: warning: types for unchecked conversion have different sizes [-gnatwz]
hashtablestr16.adb:23:04: warning: types for unchecked conversion have different sizes [-gnatwz]
hashtablestr16.adb:134:45: warning: index for "str" may assume lower bound of 1 [-gnatww]
hashtablestr16.adb:134:45: warning: suggested replacement: "str'First + 2" [-gnatww]
hashtablestr16.adb:134:48: warning: index for "str" may assume lower bound of 1 [-gnatww]
hashtablestr16.adb:134:48: warning: suggested replacement: "str'First + 3" [-gnatww]
hashtablestr16.adb:134:79: warning: index for "str" may assume lower bound of 1 [-gnatww]
hashtablestr16.adb:134:79: warning: suggested replacement: "str'First" [-gnatww]
hashtablestr16.adb:134:120: warning: index for "str" may assume lower bound of 1 [-gnatww]
hashtablestr16.adb:134:120: warning: suggested replacement: "str'First + 11" [-gnatww]
hashtablestr16.adb:134:124: warning: index for "str" may assume lower bound of 1 [-gnatww]
hashtablestr16.adb:134:124: warning: suggested replacement: "str'First + 12" [-gnatww]
hashtablestr16.adb:134:165: warning: index for "str" may assume lower bound of 1 [-gnatww]
hashtablestr16.adb:134:165: warning: suggested replacement: "str'First + 4" [-gnatww]
hashtablestr16.adb:144:32: warning: index for "aKey" may assume lower bound of 1 [-gnatww]
hashtablestr16.adb:144:32: warning: suggested replacement: "aKey'First" [-gnatww]
hashtablestr16.adb:144:35: warning: index for "aKey" may assume lower bound of 1 [-gnatww]
hashtablestr16.adb:144:35: warning: suggested replacement: "aKey'First + 3" [-gnatww]
hashtablestr16.adb:145:32: warning: index for "aKey" may assume lower bound of 1 [-gnatww]
hashtablestr16.adb:145:32: warning: suggested replacement: "aKey'First + 4" [-gnatww]
hashtablestr16.adb:145:35: warning: index for "aKey" may assume lower bound of 1 [-gnatww]
hashtablestr16.adb:145:35: warning: suggested replacement: "aKey'First + 7" [-gnatww]
hashtablestr16.adb:146:32: warning: index for "aKey" may assume lower bound of 1 [-gnatww]
hashtablestr16.adb:146:32: warning: suggested replacement: "aKey'First + 8" [-gnatww]
hashtablestr16.adb:146:35: warning: index for "aKey" may assume lower bound of 1 [-gnatww]
hashtablestr16.adb:146:35: warning: suggested replacement: "aKey'First + 11" [-gnatww]
